0 info it worked if it ends with ok
1 verbose cli [ 'node',
1 verbose cli   '/usr/local/bin/npm',
1 verbose cli   'install',
1 verbose cli   'expresss-cookieParser',
1 verbose cli   '--save' ]
2 info using npm@2.10.1
3 info using node@v0.12.4
4 verbose install initial load of /Users/hyeonhuigim/Desktop/data/work/PokerGame/package.json
5 verbose installManyTop reading scoped package data from /Users/hyeonhuigim/Desktop/data/work/PokerGame/node_modules/body-parser/package.json
6 verbose installManyTop reading scoped package data from /Users/hyeonhuigim/Desktop/data/work/PokerGame/node_modules/cookie-parser/package.json
7 verbose installManyTop reading scoped package data from /Users/hyeonhuigim/Desktop/data/work/PokerGame/node_modules/debug/package.json
8 verbose installManyTop reading scoped package data from /Users/hyeonhuigim/Desktop/data/work/PokerGame/node_modules/ejs/package.json
9 verbose installManyTop reading scoped package data from /Users/hyeonhuigim/Desktop/data/work/PokerGame/node_modules/express/package.json
10 verbose installManyTop reading scoped package data from /Users/hyeonhuigim/Desktop/data/work/PokerGame/node_modules/express-session/package.json
11 verbose installManyTop reading scoped package data from /Users/hyeonhuigim/Desktop/data/work/PokerGame/node_modules/morgan/package.json
12 verbose installManyTop reading scoped package data from /Users/hyeonhuigim/Desktop/data/work/PokerGame/node_modules/mysql/package.json
13 verbose installManyTop reading scoped package data from /Users/hyeonhuigim/Desktop/data/work/PokerGame/node_modules/serve-favicon/package.json
14 verbose installManyTop reading scoped package data from /Users/hyeonhuigim/Desktop/data/work/PokerGame/node_modules/socket.io/package.json
15 info package.json socket.io@1.3.5 No license field.
16 verbose readDependencies loading dependencies from /Users/hyeonhuigim/Desktop/data/work/PokerGame/package.json
17 silly cache add args [ 'expresss-cookieParser', null ]
18 verbose cache add spec expresss-cookieParser
19 silly cache add parsed spec { raw: 'expresss-cookieParser',
19 silly cache add   scope: null,
19 silly cache add   name: 'expresss-cookieParser',
19 silly cache add   rawSpec: '',
19 silly cache add   spec: '*',
19 silly cache add   type: 'range' }
20 silly addNamed expresss-cookieParser@*
21 verbose addNamed "*" is a valid semver range for expresss-cookieParser
22 silly addNameRange { name: 'expresss-cookieParser', range: '*', hasData: false }
23 silly mapToRegistry name expresss-cookieParser
24 silly mapToRegistry using default registry
25 silly mapToRegistry registry https://registry.npmjs.org/
26 silly mapToRegistry uri https://registry.npmjs.org/expresss-cookieParser
27 verbose addNameRange registry:https://registry.npmjs.org/expresss-cookieParser not in flight; fetching
28 verbose request uri https://registry.npmjs.org/expresss-cookieParser
29 verbose request no auth needed
30 info attempt registry request try #1 at 09:56:23
31 verbose request id 88db45237971b1a5
32 http request GET https://registry.npmjs.org/expresss-cookieParser
33 http 404 https://registry.npmjs.org/expresss-cookieParser
34 verbose headers { server: 'CouchDB/1.5.0 (Erlang OTP/R16B03)',
34 verbose headers   'content-type': 'application/json',
34 verbose headers   'cache-control': 'max-age=0',
34 verbose headers   'content-length': '51',
34 verbose headers   'accept-ranges': 'bytes',
34 verbose headers   date: 'Tue, 09 Jun 2015 00:56:24 GMT',
34 verbose headers   via: '1.1 varnish',
34 verbose headers   age: '0',
34 verbose headers   connection: 'keep-alive',
34 verbose headers   'x-served-by': 'cache-nrt6130-NRT',
34 verbose headers   'x-cache': 'MISS',
34 verbose headers   'x-cache-hits': '0',
34 verbose headers   'x-timer': 'S1433811384.128681,VS0,VE505' }
35 silly get cb [ 404,
35 silly get   { server: 'CouchDB/1.5.0 (Erlang OTP/R16B03)',
35 silly get     'content-type': 'application/json',
35 silly get     'cache-control': 'max-age=0',
35 silly get     'content-length': '51',
35 silly get     'accept-ranges': 'bytes',
35 silly get     date: 'Tue, 09 Jun 2015 00:56:24 GMT',
35 silly get     via: '1.1 varnish',
35 silly get     age: '0',
35 silly get     connection: 'keep-alive',
35 silly get     'x-served-by': 'cache-nrt6130-NRT',
35 silly get     'x-cache': 'MISS',
35 silly get     'x-cache-hits': '0',
35 silly get     'x-timer': 'S1433811384.128681,VS0,VE505' } ]
36 verbose stack Error: 404 Not Found: expresss-cookieParser
36 verbose stack     at CachingRegistryClient.<anonymous> (/usr/local/lib/node_modules/npm/node_modules/npm-registry-client/lib/request.js:245:14)
36 verbose stack     at Request._callback (/usr/local/lib/node_modules/npm/node_modules/npm-registry-client/lib/request.js:170:14)
36 verbose stack     at Request.self.callback (/usr/local/lib/node_modules/npm/node_modules/request/request.js:368:22)
36 verbose stack     at Request.emit (events.js:110:17)
36 verbose stack     at Request.<anonymous> (/usr/local/lib/node_modules/npm/node_modules/request/request.js:1219:14)
36 verbose stack     at Request.emit (events.js:129:20)
36 verbose stack     at IncomingMessage.<anonymous> (/usr/local/lib/node_modules/npm/node_modules/request/request.js:1167:12)
36 verbose stack     at IncomingMessage.emit (events.js:129:20)
36 verbose stack     at _stream_readable.js:908:16
36 verbose stack     at process._tickCallback (node.js:355:11)
37 verbose statusCode 404
38 verbose pkgid expresss-cookieParser
39 verbose cwd /Users/hyeonhuigim/Desktop/data/work/PokerGame
40 error Darwin 14.3.0
41 error argv "node" "/usr/local/bin/npm" "install" "expresss-cookieParser" "--save"
42 error node v0.12.4
43 error npm  v2.10.1
44 error code E404
45 error 404 Not Found: expresss-cookieParser
45 error 404
45 error 404 'expresss-cookieParser' is not in the npm registry.
45 error 404 You should bug the author to publish it (or use the name yourself!)
45 error 404 It was specified as a dependency of 'PokerGame'
45 error 404
45 error 404 Note that you can also install from a
45 error 404 tarball, folder, http url, or git url.
46 verbose exit [ 1, true ]
